0 info it worked if it ends with ok
1 verbose cli [
1 verbose cli   '/Users/minhhuyle/.nvm/versions/node/v12.16.1/bin/node',
1 verbose cli   '/Users/minhhuyle/.nvm/versions/node/v12.16.1/bin/npm',
1 verbose cli   'run',
1 verbose cli   'clean'
1 verbose cli ]
2 info using npm@6.13.4
3 info using node@v12.16.1
4 verbose stack Error: missing script: clean
4 verbose stack     at run (/Users/minhhuyle/.nvm/versions/node/v12.16.1/lib/node_modules/npm/lib/run-script.js:155:19)
4 verbose stack     at /Users/minhhuyle/.nvm/versions/node/v12.16.1/lib/node_modules/npm/lib/run-script.js:63:5
4 verbose stack     at /Users/minhhuyle/.nvm/versions/node/v12.16.1/lib/node_modules/npm/node_modules/read-package-json/read-json.js:116:5
4 verbose stack     at /Users/minhhuyle/.nvm/versions/node/v12.16.1/lib/node_modules/npm/node_modules/read-package-json/read-json.js:436:5
4 verbose stack     at checkBinReferences_ (/Users/minhhuyle/.nvm/versions/node/v12.16.1/lib/node_modules/npm/node_modules/read-package-json/read-json.js:391:45)
4 verbose stack     at final (/Users/minhhuyle/.nvm/versions/node/v12.16.1/lib/node_modules/npm/node_modules/read-package-json/read-json.js:434:3)
4 verbose stack     at then (/Users/minhhuyle/.nvm/versions/node/v12.16.1/lib/node_modules/npm/node_modules/read-package-json/read-json.js:161:5)
4 verbose stack     at ReadFileContext.<anonymous> (/Users/minhhuyle/.nvm/versions/node/v12.16.1/lib/node_modules/npm/node_modules/read-package-json/read-json.js:350:20)
4 verbose stack     at ReadFileContext.callback (/Users/minhhuyle/.nvm/versions/node/v12.16.1/lib/node_modules/npm/node_modules/graceful-fs/graceful-fs.js:115:16)
4 verbose stack     at FSReqCallback.readFileAfterOpen [as oncomplete] (fs.js:256:13)
5 verbose cwd /Users/minhhuyle/Pro/MinhhuyLE/sprint-retro/sprint-retro-app
6 verbose Darwin 17.2.0
7 verbose argv "/Users/minhhuyle/.nvm/versions/node/v12.16.1/bin/node" "/Users/minhhuyle/.nvm/versions/node/v12.16.1/bin/npm" "run" "clean"
8 verbose node v12.16.1
9 verbose npm  v6.13.4
10 error missing script: clean
11 verbose exit [ 1, true ]
